<?xml version="1.0" encoding="UTF-8"?>
<!-- Generated by org.testng.reporters.JUnitReportReporter -->
<testsuite hostname="MLB-Tracfone-PC" failures="0" tests="2" name="com.testRunner.TestRunner" time="3.866" errors="0" timestamp="2021-05-28T18:55:44 EDT" skipped="0">
  <testcase classname="com.testRunner.TestRunner" name="runScenario" time="0.733"/>
  <system-out/>
  <testcase classname="com.testRunner.TestRunner" name="runScenario" time="3.133"/>
  <system-out/>
</testsuite> <!-- com.testRunner.TestRunner -->
